<?xml version="1.0" encoding="UTF-8"?>
<testng-results ignored="0" total="1" passed="1" failed="0" skipped="0">
  <reporter-output>
  </reporter-output>
  <suite started-at="2023-10-26T18:32:12 IST" name="Suite" finished-at="2023-10-26T18:32:31 IST" duration-ms="18807">
    <groups>
    </groups>
    <test started-at="2023-10-26T18:32:12 IST" name="Test" finished-at="2023-10-26T18:32:31 IST" duration-ms="18807">
      <class name="testCases.Booknow_001">
        <test-method is-config="true" signature="setUp()[pri:0, instance:testCases.Booknow_001@436813f3]" started-at="2023-10-26T18:32:12 IST" name="setUp" finished-at="2023-10-26T18:32:28 IST" duration-ms="15634" status="PASS">
          <reporter-output>
          </reporter-output>
        </test-method> <!-- setUp -->
        <test-method signature="booknow()[pri:1, instance:testCases.Booknow_001@436813f3]" started-at="2023-10-26T18:32:28 IST" name="booknow" finished-at="2023-10-26T18:32:28 IST" duration-ms="262" status="PASS">
          <reporter-output>
          </reporter-output>
        </test-method> <!-- booknow -->
        <test-method is-config="true" signature="tearDown()[pri:0, instance:testCases.Booknow_001@436813f3]" started-at="2023-10-26T18:32:28 IST" name="tearDown" finished-at="2023-10-26T18:32:31 IST" duration-ms="2556" status="PASS">
          <reporter-output>
          </reporter-output>
        </test-method> <!-- tearDown -->
      </class> <!-- testCases.Booknow_001 -->
    </test> <!-- Test -->
  </suite> <!-- Suite -->
</testng-results>
